[0.011s] Invoking command in '/home/mannaja/mor_luam/mor_luam_ws/build/mor_luam': CMAKE_PREFIX_PATH=${CMAKE_PREFIX_PATH}:/opt/ros/jazzy DEBUGINFOD_URLS=https://debuginfod.ubuntu.com PS1=\[\e]0;\u@\h: \w\a\]${debian_chroot:+($debian_chroot)}\[\033[01;32m\]\u@\h\[\033[00m\]:\[\033[01;34m\]\w\[\033[00m\]\$ /usr/bin/cmake /home/mannaja/mor_luam/mor_luam_ws/src/mor_luam -DCMAKE_INSTALL_PREFIX=/home/mannaja/mor_luam/mor_luam_ws/install/mor_luam
[0.070s] -- The C compiler identification is GNU 13.3.0
[0.140s] -- The CXX compiler identification is GNU 13.3.0
[0.159s] -- Detecting C compiler ABI info
[0.251s] -- Detecting C compiler ABI info - done
[0.262s] -- Check for working C compiler: /usr/bin/cc - skipped
[0.262s] -- Detecting C compile features
[0.262s] -- Detecting C compile features - done
[0.273s] -- Detecting CXX compiler ABI info
[0.391s] -- Detecting CXX compiler ABI info - done
[0.406s] -- Check for working CXX compiler: /usr/bin/c++ - skipped
[0.406s] -- Detecting CXX compile features
[0.407s] -- Detecting CXX compile features - done
[0.419s] -- Found ament_cmake: 2.5.4 (/opt/ros/jazzy/share/ament_cmake/cmake)
[0.604s] -- Found Python3: /usr/bin/python3 (found version "3.12.3") found components: Interpreter 
[0.744s] -- Found rclpy: 7.1.5 (/opt/ros/jazzy/share/rclpy/cmake)
[0.749s] -- Found rclcpp: 28.1.12 (/opt/ros/jazzy/share/rclcpp/cmake)
[0.815s] -- Found rosidl_generator_c: 4.6.6 (/opt/ros/jazzy/share/rosidl_generator_c/cmake)
[0.836s] -- Found rosidl_generator_cpp: 4.6.6 (/opt/ros/jazzy/share/rosidl_generator_cpp/cmake)
[0.861s] -- Using all available rosidl_typesupport_c: rosidl_typesupport_fastrtps_c;rosidl_typesupport_introspection_c
[0.887s] -- Using all available rosidl_typesupport_cpp: rosidl_typesupport_fastrtps_cpp;rosidl_typesupport_introspection_cpp
[0.995s] -- Found rmw_implementation_cmake: 7.3.2 (/opt/ros/jazzy/share/rmw_implementation_cmake/cmake)
[1.000s] -- Found rmw_fastrtps_cpp: 8.4.3 (/opt/ros/jazzy/share/rmw_fastrtps_cpp/cmake)
[1.098s] -- Found OpenSSL: /usr/lib/x86_64-linux-gnu/libcrypto.so (found version "3.0.13")  
[1.120s] -- Found FastRTPS: /opt/ros/jazzy/include (Required is at least version "2.13") 
[1.144s] -- Using RMW implementation 'rmw_fastrtps_cpp' as default
[1.251s] -- Found std_msgs: 5.3.6 (/opt/ros/jazzy/share/std_msgs/cmake)
[1.270s] -- Found sensor_msgs: 5.3.6 (/opt/ros/jazzy/share/sensor_msgs/cmake)
[1.320s] -- Found rclcpp_action: 28.1.12 (/opt/ros/jazzy/share/rclcpp_action/cmake)
[1.378s] -- Found ament_lint_auto: 0.17.3 (/opt/ros/jazzy/share/ament_lint_auto/cmake)
[1.465s] -- Configuring done (1.4s)
[1.471s] -- Generating done (0.0s)
[1.475s] -- Build files have been written to: /home/mannaja/mor_luam/mor_luam_ws/build/mor_luam
[1.486s] Invoked command in '/home/mannaja/mor_luam/mor_luam_ws/build/mor_luam' returned '0': CMAKE_PREFIX_PATH=${CMAKE_PREFIX_PATH}:/opt/ros/jazzy DEBUGINFOD_URLS=https://debuginfod.ubuntu.com PS1=\[\e]0;\u@\h: \w\a\]${debian_chroot:+($debian_chroot)}\[\033[01;32m\]\u@\h\[\033[00m\]:\[\033[01;34m\]\w\[\033[00m\]\$ /usr/bin/cmake /home/mannaja/mor_luam/mor_luam_ws/src/mor_luam -DCMAKE_INSTALL_PREFIX=/home/mannaja/mor_luam/mor_luam_ws/install/mor_luam
[1.487s] Invoking command in '/home/mannaja/mor_luam/mor_luam_ws/build/mor_luam': CMAKE_PREFIX_PATH=${CMAKE_PREFIX_PATH}:/opt/ros/jazzy DEBUGINFOD_URLS=https://debuginfod.ubuntu.com PS1=\[\e]0;\u@\h: \w\a\]${debian_chroot:+($debian_chroot)}\[\033[01;32m\]\u@\h\[\033[00m\]:\[\033[01;34m\]\w\[\033[00m\]\$ /usr/bin/cmake --build /home/mannaja/mor_luam/mor_luam_ws/build/mor_luam -- -j12 -l12
[1.532s] Invoked command in '/home/mannaja/mor_luam/mor_luam_ws/build/mor_luam' returned '0': CMAKE_PREFIX_PATH=${CMAKE_PREFIX_PATH}:/opt/ros/jazzy DEBUGINFOD_URLS=https://debuginfod.ubuntu.com PS1=\[\e]0;\u@\h: \w\a\]${debian_chroot:+($debian_chroot)}\[\033[01;32m\]\u@\h\[\033[00m\]:\[\033[01;34m\]\w\[\033[00m\]\$ /usr/bin/cmake --build /home/mannaja/mor_luam/mor_luam_ws/build/mor_luam -- -j12 -l12
[1.542s] Invoking command in '/home/mannaja/mor_luam/mor_luam_ws/build/mor_luam': CMAKE_PREFIX_PATH=${CMAKE_PREFIX_PATH}:/opt/ros/jazzy DEBUGINFOD_URLS=https://debuginfod.ubuntu.com PS1=\[\e]0;\u@\h: \w\a\]${debian_chroot:+($debian_chroot)}\[\033[01;32m\]\u@\h\[\033[00m\]:\[\033[01;34m\]\w\[\033[00m\]\$ /usr/bin/cmake --install /home/mannaja/mor_luam/mor_luam_ws/build/mor_luam
[1.550s] -- Install configuration: ""
[1.550s] -- Installing: /home/mannaja/mor_luam/mor_luam_ws/install/mor_luam/share/mor_luam/launch
[1.550s] -- Installing: /home/mannaja/mor_luam/mor_luam_ws/install/mor_luam/share/mor_luam/launch/microros_launch.py
[1.551s] -- Installing: /home/mannaja/mor_luam/mor_luam_ws/install/mor_luam/share/mor_luam/launch/control_launch.py
[1.551s] -- Installing: /home/mannaja/mor_luam/mor_luam_ws/install/mor_luam/share/mor_luam/launch/show_camera.py
[1.551s] -- Installing: /home/mannaja/mor_luam/mor_luam_ws/install/mor_luam/share/mor_luam/launch/robot_bring_up_launch.py
[1.551s] -- Installing: /home/mannaja/mor_luam/mor_luam_ws/install/mor_luam/share/mor_luam/config
[1.551s] -- Installing: /home/mannaja/mor_luam/mor_luam_ws/install/mor_luam/share/mor_luam/config/joy_params.yaml
[1.551s] -- Installing: /home/mannaja/mor_luam/mor_luam_ws/install/mor_luam/lib/mor_luam/joystick_control.py
[1.551s] -- Installing: /home/mannaja/mor_luam/mor_luam_ws/install/mor_luam/share/ament_index/resource_index/package_run_dependencies/mor_luam
[1.551s] -- Installing: /home/mannaja/mor_luam/mor_luam_ws/install/mor_luam/share/ament_index/resource_index/parent_prefix_path/mor_luam
[1.551s] -- Installing: /home/mannaja/mor_luam/mor_luam_ws/install/mor_luam/share/mor_luam/environment/ament_prefix_path.sh
[1.551s] -- Installing: /home/mannaja/mor_luam/mor_luam_ws/install/mor_luam/share/mor_luam/environment/ament_prefix_path.dsv
[1.552s] -- Installing: /home/mannaja/mor_luam/mor_luam_ws/install/mor_luam/share/mor_luam/environment/path.sh
[1.552s] -- Installing: /home/mannaja/mor_luam/mor_luam_ws/install/mor_luam/share/mor_luam/environment/path.dsv
[1.552s] -- Installing: /home/mannaja/mor_luam/mor_luam_ws/install/mor_luam/share/mor_luam/local_setup.bash
[1.552s] -- Installing: /home/mannaja/mor_luam/mor_luam_ws/install/mor_luam/share/mor_luam/local_setup.sh
[1.552s] -- Installing: /home/mannaja/mor_luam/mor_luam_ws/install/mor_luam/share/mor_luam/local_setup.zsh
[1.552s] -- Installing: /home/mannaja/mor_luam/mor_luam_ws/install/mor_luam/share/mor_luam/local_setup.dsv
[1.552s] -- Installing: /home/mannaja/mor_luam/mor_luam_ws/install/mor_luam/share/mor_luam/package.dsv
[1.552s] -- Installing: /home/mannaja/mor_luam/mor_luam_ws/install/mor_luam/share/ament_index/resource_index/packages/mor_luam
[1.553s] -- Installing: /home/mannaja/mor_luam/mor_luam_ws/install/mor_luam/share/mor_luam/cmake/mor_luamConfig.cmake
[1.553s] -- Installing: /home/mannaja/mor_luam/mor_luam_ws/install/mor_luam/share/mor_luam/cmake/mor_luamConfig-version.cmake
[1.553s] -- Installing: /home/mannaja/mor_luam/mor_luam_ws/install/mor_luam/share/mor_luam/package.xml
[1.555s] Invoked command in '/home/mannaja/mor_luam/mor_luam_ws/build/mor_luam' returned '0': CMAKE_PREFIX_PATH=${CMAKE_PREFIX_PATH}:/opt/ros/jazzy DEBUGINFOD_URLS=https://debuginfod.ubuntu.com PS1=\[\e]0;\u@\h: \w\a\]${debian_chroot:+($debian_chroot)}\[\033[01;32m\]\u@\h\[\033[00m\]:\[\033[01;34m\]\w\[\033[00m\]\$ /usr/bin/cmake --install /home/mannaja/mor_luam/mor_luam_ws/build/mor_luam
